<?xml version="1.0" encoding="UTF-8"?>
<coverage generated="1735224985974" clover="3.2.0">
  <project timestamp="1735224985974" name="All files">
    <metrics statements="52" coveredstatements="52" conditionals="20" coveredconditionals="18" methods="17" coveredmethods="17" elements="89" coveredelements="87" complexity="0" loc="52" ncloc="52" packages="1" files="5" classes="5"/>
    <file name="book.js" path="G:\Incubyte Assignment\Assignment\BookShelf-System\app\book.js">
      <metrics statements="6" coveredstatements="6" conditionals="0" coveredconditionals="0" methods="1" coveredmethods="1"/>
      <line num="3" count="22" type="stmt"/>
      <line num="4" count="22" type="stmt"/>
      <line num="5" count="22" type="stmt"/>
      <line num="6" count="22" type="stmt"/>
      <line num="7" count="22" type="stmt"/>
      <line num="11" count="5" type="stmt"/>
    </file>
    <file name="inventory.js" path="G:\Incubyte Assignment\Assignment\BookShelf-System\app\inventory.js">
      <metrics statements="16" coveredstatements="16" conditionals="12" coveredconditionals="10" methods="7" coveredmethods="7"/>
      <line num="3" count="14" type="stmt"/>
      <line num="7" count="12" type="stmt"/>
      <line num="11" count="30" type="stmt"/>
      <line num="15" count="8" type="stmt"/>
      <line num="16" count="8" type="cond" truecount="2" falsecount="0"/>
      <line num="20" count="9" type="stmt"/>
      <line num="22" count="9" type="cond" truecount="2" falsecount="0"/>
      <line num="23" count="1" type="stmt"/>
      <line num="26" count="8" type="cond" truecount="2" falsecount="0"/>
      <line num="27" count="1" type="stmt"/>
      <line num="30" count="7" type="cond" truecount="3" falsecount="1"/>
      <line num="31" count="7" type="stmt"/>
      <line num="36" count="3" type="stmt"/>
      <line num="37" count="3" type="cond" truecount="1" falsecount="1"/>
      <line num="38" count="3" type="stmt"/>
      <line num="43" count="2" type="stmt"/>
    </file>
    <file name="library.js" path="G:\Incubyte Assignment\Assignment\BookShelf-System\app\library.js">
      <metrics statements="14" coveredstatements="14" conditionals="2" coveredconditionals="2" methods="3" coveredmethods="3"/>
      <line num="1" count="1" type="stmt"/>
      <line num="5" count="6" type="stmt"/>
      <line num="6" count="6" type="stmt"/>
      <line num="10" count="7" type="cond" truecount="2" falsecount="0"/>
      <line num="11" count="6" type="stmt"/>
      <line num="12" count="6" type="stmt"/>
      <line num="14" count="6" type="stmt"/>
      <line num="15" count="6" type="stmt"/>
      <line num="17" count="6" type="stmt"/>
      <line num="19" count="1" type="stmt"/>
      <line num="24" count="2" type="stmt"/>
      <line num="25" count="2" type="stmt"/>
      <line num="27" count="2" type="stmt"/>
      <line num="31" count="1" type="stmt"/>
    </file>
    <file name="transaction.js" path="G:\Incubyte Assignment\Assignment\BookShelf-System\app\transaction.js">
      <metrics statements="4" coveredstatements="4" conditionals="2" coveredconditionals="2" methods="1" coveredmethods="1"/>
      <line num="3" count="10" type="stmt"/>
      <line num="4" count="10" type="stmt"/>
      <line num="5" count="10" type="cond" truecount="2" falsecount="0"/>
      <line num="9" count="3" type="stmt"/>
    </file>
    <file name="transactionManager.js" path="G:\Incubyte Assignment\Assignment\BookShelf-System\app\transactionManager.js">
      <metrics statements="12" coveredstatements="12" conditionals="4" coveredconditionals="4" methods="5" coveredmethods="5"/>
      <line num="3" count="11" type="stmt"/>
      <line num="7" count="9" type="cond" truecount="2" falsecount="0"/>
      <line num="8" count="9" type="stmt"/>
      <line num="9" count="9" type="stmt"/>
      <line num="13" count="5" type="stmt"/>
      <line num="15" count="5" type="cond" truecount="2" falsecount="0"/>
      <line num="16" count="1" type="stmt"/>
      <line num="19" count="4" type="stmt"/>
      <line num="23" count="3" type="stmt"/>
      <line num="24" count="3" type="stmt"/>
      <line num="25" count="3" type="stmt"/>
      <line num="29" count="2" type="stmt"/>
    </file>
  </project>
</coverage>
