{"G:\\Incubyte Assignment\\Assignment\\BookShelf-System\\app\\book.js": {"path":"G:\\Incubyte Assignment\\Assignment\\BookShelf-System\\app\\book.js","statementMap":{"0":{"start":{"line":3,"column":8},"end":{"line":3,"column":25}},"1":{"start":{"line":4,"column":8},"end":{"line":4,"column":27}},"2":{"start":{"line":5,"column":8},"end":{"line":5,"column":29}},"3":{"start":{"line":6,"column":8},"end":{"line":6,"column":47}},"4":{"start":{"line":7,"column":8},"end":{"line":7,"column":29}},"5":{"start":{"line":11,"column":0},"end":{"line":11,"column":22}}},"fnMap":{"0":{"name":"(anonymous_0)","decl":{"start":{"line":2,"column":4},"end":{"line":2,"column":5}},"loc":{"start":{"line":2,"column":61},"end":{"line":8,"column":5}},"line":2}},"branchMap":{},"s":{"0":22,"1":22,"2":22,"3":22,"4":22,"5":5},"f":{"0":22},"b":{},"_coverageSchema":"1a1c01bbd47fc00a2c39e90264f33305004495a9","hash":"904f8b6bdbfe489f9037361a5153174d0e7bfcdc"}
,"G:\\Incubyte Assignment\\Assignment\\BookShelf-System\\app\\inventory.js": {"path":"G:\\Incubyte Assignment\\Assignment\\BookShelf-System\\app\\inventory.js","statementMap":{"0":{"start":{"line":3,"column":8},"end":{"line":3,"column":24}},"1":{"start":{"line":7,"column":8},"end":{"line":7,"column":30}},"2":{"start":{"line":11,"column":8},"end":{"line":11,"column":59}},"3":{"start":{"line":11,"column":39},"end":{"line":11,"column":57}},"4":{"start":{"line":15,"column":21},"end":{"line":15,"column":46}},"5":{"start":{"line":16,"column":8},"end":{"line":16,"column":39}},"6":{"start":{"line":20,"column":21},"end":{"line":20,"column":46}},"7":{"start":{"line":22,"column":8},"end":{"line":24,"column":9}},"8":{"start":{"line":23,"column":12},"end":{"line":23,"column":65}},"9":{"start":{"line":26,"column":8},"end":{"line":28,"column":9}},"10":{"start":{"line":27,"column":12},"end":{"line":27,"column":79}},"11":{"start":{"line":30,"column":8},"end":{"line":32,"column":9}},"12":{"start":{"line":31,"column":12},"end":{"line":31,"column":29}},"13":{"start":{"line":36,"column":21},"end":{"line":36,"column":46}},"14":{"start":{"line":37,"column":8},"end":{"line":39,"column":9}},"15":{"start":{"line":38,"column":12},"end":{"line":38,"column":29}},"16":{"start":{"line":43,"column":0},"end":{"line":43,"column":27}}},"fnMap":{"0":{"name":"(anonymous_0)","decl":{"start":{"line":2,"column":4},"end":{"line":2,"column":5}},"loc":{"start":{"line":2,"column":18},"end":{"line":4,"column":5}},"line":2},"1":{"name":"(anonymous_1)","decl":{"start":{"line":6,"column":4},"end":{"line":6,"column":5}},"loc":{"start":{"line":6,"column":18},"end":{"line":8,"column":5}},"line":6},"2":{"name":"(anonymous_2)","decl":{"start":{"line":10,"column":4},"end":{"line":10,"column":5}},"loc":{"start":{"line":10,"column":25},"end":{"line":12,"column":5}},"line":10},"3":{"name":"(anonymous_3)","decl":{"start":{"line":11,"column":31},"end":{"line":11,"column":32}},"loc":{"start":{"line":11,"column":39},"end":{"line":11,"column":57}},"line":11},"4":{"name":"(anonymous_4)","decl":{"start":{"line":14,"column":4},"end":{"line":14,"column":5}},"loc":{"start":{"line":14,"column":22},"end":{"line":17,"column":5}},"line":14},"5":{"name":"(anonymous_5)","decl":{"start":{"line":19,"column":4},"end":{"line":19,"column":5}},"loc":{"start":{"line":19,"column":21},"end":{"line":33,"column":5}},"line":19},"6":{"name":"(anonymous_6)","decl":{"start":{"line":35,"column":4},"end":{"line":35,"column":5}},"loc":{"start":{"line":35,"column":23},"end":{"line":40,"column":5}},"line":35}},"branchMap":{"0":{"loc":{"start":{"line":16,"column":15},"end":{"line":16,"column":38}},"type":"binary-expr","locations":[{"start":{"line":16,"column":15},"end":{"line":16,"column":19}},{"start":{"line":16,"column":23},"end":{"line":16,"column":38}}],"line":16},"1":{"loc":{"start":{"line":22,"column":8},"end":{"line":24,"column":9}},"type":"if","locations":[{"start":{"line":22,"column":8},"end":{"line":24,"column":9}},{"start":{},"end":{}}],"line":22},"2":{"loc":{"start":{"line":26,"column":8},"end":{"line":28,"column":9}},"type":"if","locations":[{"start":{"line":26,"column":8},"end":{"line":28,"column":9}},{"start":{},"end":{}}],"line":26},"3":{"loc":{"start":{"line":30,"column":8},"end":{"line":32,"column":9}},"type":"if","locations":[{"start":{"line":30,"column":8},"end":{"line":32,"column":9}},{"start":{},"end":{}}],"line":30},"4":{"loc":{"start":{"line":30,"column":12},"end":{"line":30,"column":35}},"type":"binary-expr","locations":[{"start":{"line":30,"column":12},"end":{"line":30,"column":16}},{"start":{"line":30,"column":20},"end":{"line":30,"column":35}}],"line":30},"5":{"loc":{"start":{"line":37,"column":8},"end":{"line":39,"column":9}},"type":"if","locations":[{"start":{"line":37,"column":8},"end":{"line":39,"column":9}},{"start":{},"end":{}}],"line":37}},"s":{"0":14,"1":12,"2":30,"3":29,"4":8,"5":8,"6":9,"7":9,"8":1,"9":8,"10":1,"11":7,"12":7,"13":3,"14":3,"15":3,"16":2},"f":{"0":14,"1":12,"2":30,"3":29,"4":8,"5":9,"6":3},"b":{"0":[8,8],"1":[1,8],"2":[1,7],"3":[7,0],"4":[7,7],"5":[3,0]},"_coverageSchema":"1a1c01bbd47fc00a2c39e90264f33305004495a9","hash":"a6681a4e4d0fe01bc1ccd9ac82014c416b98eac9"}
,"G:\\Incubyte Assignment\\Assignment\\BookShelf-System\\app\\library.js": {"path":"G:\\Incubyte Assignment\\Assignment\\BookShelf-System\\app\\library.js","statementMap":{"0":{"start":{"line":1,"column":20},"end":{"line":1,"column":44}},"1":{"start":{"line":5,"column":8},"end":{"line":5,"column":35}},"2":{"start":{"line":6,"column":8},"end":{"line":6,"column":53}},"3":{"start":{"line":10,"column":8},"end":{"line":20,"column":9}},"4":{"start":{"line":11,"column":23},"end":{"line":11,"column":67}},"5":{"start":{"line":12,"column":34},"end":{"line":12,"column":69}},"6":{"start":{"line":14,"column":38},"end":{"line":14,"column":99}},"7":{"start":{"line":15,"column":12},"end":{"line":15,"column":44}},"8":{"start":{"line":17,"column":12},"end":{"line":17,"column":39}},"9":{"start":{"line":19,"column":12},"end":{"line":19,"column":52}},"10":{"start":{"line":24,"column":40},"end":{"line":24,"column":99}},"11":{"start":{"line":25,"column":8},"end":{"line":25,"column":42}},"12":{"start":{"line":27,"column":8},"end":{"line":27,"column":39}},"13":{"start":{"line":31,"column":0},"end":{"line":31,"column":25}}},"fnMap":{"0":{"name":"(anonymous_0)","decl":{"start":{"line":4,"column":4},"end":{"line":4,"column":5}},"loc":{"start":{"line":4,"column":47},"end":{"line":7,"column":5}},"line":4},"1":{"name":"(anonymous_1)","decl":{"start":{"line":9,"column":4},"end":{"line":9,"column":5}},"loc":{"start":{"line":9,"column":35},"end":{"line":21,"column":5}},"line":9},"2":{"name":"(anonymous_2)","decl":{"start":{"line":23,"column":4},"end":{"line":23,"column":5}},"loc":{"start":{"line":23,"column":36},"end":{"line":28,"column":5}},"line":23}},"branchMap":{"0":{"loc":{"start":{"line":10,"column":8},"end":{"line":20,"column":9}},"type":"if","locations":[{"start":{"line":10,"column":8},"end":{"line":20,"column":9}},{"start":{"line":18,"column":13},"end":{"line":20,"column":9}}],"line":10}},"s":{"0":1,"1":6,"2":6,"3":7,"4":6,"5":6,"6":6,"7":6,"8":6,"9":1,"10":2,"11":2,"12":2,"13":1},"f":{"0":6,"1":7,"2":2},"b":{"0":[6,1]},"_coverageSchema":"1a1c01bbd47fc00a2c39e90264f33305004495a9","hash":"c1545130edac96155efd29a48a130cb07f44ecb3"}
,"G:\\Incubyte Assignment\\Assignment\\BookShelf-System\\app\\transaction.js": {"path":"G:\\Incubyte Assignment\\Assignment\\BookShelf-System\\app\\transaction.js","statementMap":{"0":{"start":{"line":3,"column":8},"end":{"line":3,"column":25}},"1":{"start":{"line":4,"column":8},"end":{"line":4,"column":37}},"2":{"start":{"line":5,"column":8},"end":{"line":5,"column":50}},"3":{"start":{"line":9,"column":0},"end":{"line":9,"column":29}}},"fnMap":{"0":{"name":"(anonymous_0)","decl":{"start":{"line":2,"column":4},"end":{"line":2,"column":5}},"loc":{"start":{"line":2,"column":46},"end":{"line":6,"column":5}},"line":2}},"branchMap":{"0":{"loc":{"start":{"line":5,"column":26},"end":{"line":5,"column":49}},"type":"binary-expr","locations":[{"start":{"line":5,"column":26},"end":{"line":5,"column":36}},{"start":{"line":5,"column":40},"end":{"line":5,"column":49}}],"line":5}},"s":{"0":10,"1":10,"2":10,"3":3},"f":{"0":10},"b":{"0":[10,10]},"_coverageSchema":"1a1c01bbd47fc00a2c39e90264f33305004495a9","hash":"ce965f76a2274d57b0d6eb150e57cf9e4b1fd39e"}
,"G:\\Incubyte Assignment\\Assignment\\BookShelf-System\\app\\transactionManager.js": {"path":"G:\\Incubyte Assignment\\Assignment\\BookShelf-System\\app\\transactionManager.js","statementMap":{"0":{"start":{"line":3,"column":8},"end":{"line":3,"column":31}},"1":{"start":{"line":7,"column":8},"end":{"line":7,"column":76}},"2":{"start":{"line":8,"column":8},"end":{"line":8,"column":44}},"3":{"start":{"line":9,"column":8},"end":{"line":9,"column":27}},"4":{"start":{"line":13,"column":31},"end":{"line":13,"column":103}},"5":{"start":{"line":13,"column":71},"end":{"line":13,"column":102}},"6":{"start":{"line":15,"column":8},"end":{"line":17,"column":9}},"7":{"start":{"line":16,"column":12},"end":{"line":16,"column":78}},"8":{"start":{"line":19,"column":8},"end":{"line":19,"column":32}},"9":{"start":{"line":23,"column":28},"end":{"line":23,"column":63}},"10":{"start":{"line":24,"column":8},"end":{"line":24,"column":44}},"11":{"start":{"line":25,"column":8},"end":{"line":25,"column":27}},"12":{"start":{"line":29,"column":0},"end":{"line":29,"column":36}}},"fnMap":{"0":{"name":"(anonymous_0)","decl":{"start":{"line":2,"column":4},"end":{"line":2,"column":5}},"loc":{"start":{"line":2,"column":17},"end":{"line":4,"column":5}},"line":2},"1":{"name":"(anonymous_1)","decl":{"start":{"line":6,"column":4},"end":{"line":6,"column":5}},"loc":{"start":{"line":6,"column":52},"end":{"line":10,"column":5}},"line":6},"2":{"name":"(anonymous_2)","decl":{"start":{"line":12,"column":4},"end":{"line":12,"column":5}},"loc":{"start":{"line":12,"column":34},"end":{"line":20,"column":5}},"line":12},"3":{"name":"(anonymous_3)","decl":{"start":{"line":13,"column":54},"end":{"line":13,"column":55}},"loc":{"start":{"line":13,"column":71},"end":{"line":13,"column":102}},"line":13},"4":{"name":"(anonymous_4)","decl":{"start":{"line":22,"column":4},"end":{"line":22,"column":5}},"loc":{"start":{"line":22,"column":39},"end":{"line":26,"column":5}},"line":22}},"branchMap":{"0":{"loc":{"start":{"line":7,"column":25},"end":{"line":7,"column":75}},"type":"binary-expr","locations":[{"start":{"line":7,"column":25},"end":{"line":7,"column":38}},{"start":{"line":7,"column":42},"end":{"line":7,"column":75}}],"line":7},"1":{"loc":{"start":{"line":15,"column":8},"end":{"line":17,"column":9}},"type":"if","locations":[{"start":{"line":15,"column":8},"end":{"line":17,"column":9}},{"start":{},"end":{}}],"line":15}},"s":{"0":11,"1":9,"2":9,"3":9,"4":5,"5":4,"6":5,"7":1,"8":4,"9":3,"10":3,"11":3,"12":2},"f":{"0":11,"1":9,"2":5,"3":4,"4":3},"b":{"0":[9,7],"1":[1,4]},"_coverageSchema":"1a1c01bbd47fc00a2c39e90264f33305004495a9","hash":"a4ada0e6bebe233ecd72ae7fec10798ec613f352"}
}
