TN:
SF:app\book.js
FN:2,(anonymous_0)
FNF:1
FNH:1
FNDA:22,(anonymous_0)
DA:3,22
DA:4,22
DA:5,22
DA:6,22
DA:7,22
DA:11,5
LF:6
LH:6
BRF:0
BRH:0
end_of_record
TN:
SF:app\inventory.js
FN:2,(anonymous_0)
FN:6,(anonymous_1)
FN:10,(anonymous_2)
FN:11,(anonymous_3)
FN:14,(anonymous_4)
FN:19,(anonymous_5)
FN:35,(anonymous_6)
FNF:7
FNH:7
FNDA:14,(anonymous_0)
FNDA:12,(anonymous_1)
FNDA:30,(anonymous_2)
FNDA:29,(anonymous_3)
FNDA:8,(anonymous_4)
FNDA:9,(anonymous_5)
FNDA:3,(anonymous_6)
DA:3,14
DA:7,12
DA:11,30
DA:15,8
DA:16,8
DA:20,9
DA:22,9
DA:23,1
DA:26,8
DA:27,1
DA:30,7
DA:31,7
DA:36,3
DA:37,3
DA:38,3
DA:43,2
LF:16
LH:16
BRDA:16,0,0,8
BRDA:16,0,1,8
BRDA:22,1,0,1
BRDA:22,1,1,8
BRDA:26,2,0,1
BRDA:26,2,1,7
BRDA:30,3,0,7
BRDA:30,3,1,0
BRDA:30,4,0,7
BRDA:30,4,1,7
BRDA:37,5,0,3
BRDA:37,5,1,0
BRF:12
BRH:10
end_of_record
TN:
SF:app\library.js
FN:4,(anonymous_0)
FN:9,(anonymous_1)
FN:23,(anonymous_2)
FNF:3
FNH:3
FNDA:6,(anonymous_0)
FNDA:7,(anonymous_1)
FNDA:2,(anonymous_2)
DA:1,1
DA:5,6
DA:6,6
DA:10,7
DA:11,6
DA:12,6
DA:14,6
DA:15,6
DA:17,6
DA:19,1
DA:24,2
DA:25,2
DA:27,2
DA:31,1
LF:14
LH:14
BRDA:10,0,0,6
BRDA:10,0,1,1
BRF:2
BRH:2
end_of_record
TN:
SF:app\transaction.js
FN:2,(anonymous_0)
FNF:1
FNH:1
FNDA:10,(anonymous_0)
DA:3,10
DA:4,10
DA:5,10
DA:9,3
LF:4
LH:4
BRDA:5,0,0,10
BRDA:5,0,1,10
BRF:2
BRH:2
end_of_record
TN:
SF:app\transactionManager.js
FN:2,(anonymous_0)
FN:6,(anonymous_1)
FN:12,(anonymous_2)
FN:13,(anonymous_3)
FN:22,(anonymous_4)
FNF:5
FNH:5
FNDA:11,(anonymous_0)
FNDA:9,(anonymous_1)
FNDA:5,(anonymous_2)
FNDA:4,(anonymous_3)
FNDA:3,(anonymous_4)
DA:3,11
DA:7,9
DA:8,9
DA:9,9
DA:13,5
DA:15,5
DA:16,1
DA:19,4
DA:23,3
DA:24,3
DA:25,3
DA:29,2
LF:12
LH:12
BRDA:7,0,0,9
BRDA:7,0,1,7
BRDA:15,1,0,1
BRDA:15,1,1,4
BRF:4
BRH:4
end_of_record
